<?xml version="1.0" encoding="UTF-8"?>
<testsuite name="com.eden.secondservice.SecondServiceApplicationTests" tests="1" skipped="0" failures="0" errors="0" timestamp="2022-04-16T13:05:41" hostname="cyoung90-Mac" time="0.169">
  <properties/>
  <testcase name="contextLoads()" classname="com.eden.secondservice.SecondServiceApplicationTests" time="0.169"/>
  <system-out><![CDATA[22:05:40.548 [Test worker] DEBUG org.springframework.test.context.BootstrapUtils - Instantiating CacheAwareContextLoaderDelegate from class [org.springframework.test.context.cache.DefaultCacheAwareContextLoaderDelegate]
22:05:40.552 [Test worker] DEBUG org.springframework.test.context.BootstrapUtils - Instantiating BootstrapContext using constructor [public org.springframework.test.context.support.DefaultBootstrapContext(java.lang.Class,org.springframework.test.context.CacheAwareContextLoaderDelegate)]
22:05:40.566 [Test worker] DEBUG org.springframework.test.context.BootstrapUtils - Instantiating TestContextBootstrapper for test class [com.eden.secondservice.SecondServiceApplicationTests] from class [org.springframework.boot.test.context.SpringBootTestContextBootstrapper]
22:05:40.570 [Test worker] INFO org.springframework.boot.test.context.SpringBootTestContextBootstrapper - Neither @ContextConfiguration nor @ContextHierarchy found for test class [com.eden.secondservice.SecondServiceApplicationTests], using SpringBootContextLoader
22:05:40.572 [Test worker] DEBUG org.springframework.test.context.support.AbstractContextLoader - Did not detect default resource location for test class [com.eden.secondservice.SecondServiceApplicationTests]: class path resource [com/eden/secondservice/SecondServiceApplicationTests-context.xml] does not exist
22:05:40.572 [Test worker] DEBUG org.springframework.test.context.support.AbstractContextLoader - Did not detect default resource location for test class [com.eden.secondservice.SecondServiceApplicationTests]: class path resource [com/eden/secondservice/SecondServiceApplicationTestsContext.groovy] does not exist
22:05:40.572 [Test worker] INFO org.springframework.test.context.support.AbstractContextLoader - Could not detect default resource locations for test class [com.eden.secondservice.SecondServiceApplicationTests]: no resource found for suffixes {-context.xml, Context.groovy}.
22:05:40.573 [Test worker] INFO org.springframework.test.context.support.AnnotationConfigContextLoaderUtils - Could not detect default configuration classes for test class [com.eden.secondservice.SecondServiceApplicationTests]: SecondServiceApplicationTests does not declare any static, non-private, non-final, nested classes annotated with @Configuration.
22:05:40.589 [Test worker] DEBUG org.springframework.test.context.support.ActiveProfilesUtils - Could not find an 'annotation declaring class' for annotation type [org.springframework.test.context.ActiveProfiles] and class [com.eden.secondservice.SecondServiceApplicationTests]
22:05:40.611 [Test worker] DEBUG org.springframework.context.annotation.ClassPathScanningCandidateComponentProvider - Identified candidate component class: file [/Users/cyoung90/development/springboot/second-service/build/classes/java/main/com/eden/secondservice/SecondServiceApplication.class]
22:05:40.615 [Test worker] INFO org.springframework.boot.test.context.SpringBootTestContextBootstrapper - Found @SpringBootConfiguration com.eden.secondservice.SecondServiceApplication for test class com.eden.secondservice.SecondServiceApplicationTests
22:05:40.665 [Test worker] DEBUG org.springframework.boot.test.context.SpringBootTestContextBootstrapper - @TestExecutionListeners is not present for class [com.eden.secondservice.SecondServiceApplicationTests]: using defaults.
22:05:40.665 [Test worker] INFO org.springframework.boot.test.context.SpringBootTestContextBootstrapper - Loaded default TestExecutionListener class names from location [META-INF/spring.factories]: [org.springframework.boot.test.autoconfigure.restdocs.RestDocsTestExecutionListener, org.springframework.boot.test.autoconfigure.web.client.MockRestServiceServerResetTestExecutionListener, org.springframework.boot.test.autoconfigure.web.servlet.MockMvcPrintOnlyOnFailureTestExecutionListener, org.springframework.boot.test.autoconfigure.web.servlet.WebDriverTestExecutionListener, org.springframework.boot.test.autoconfigure.webservices.client.MockWebServiceServerTestExecutionListener, org.springframework.boot.test.mock.mockito.MockitoTestExecutionListener, org.springframework.boot.test.mock.mockito.ResetMocksTestExecutionListener, org.springframework.test.context.web.ServletTestExecutionListener, org.springframework.test.context.support.DirtiesContextBeforeModesTestExecutionListener, org.springframework.test.context.event.ApplicationEventsTestExecutionListener, org.springframework.test.context.support.DependencyInjectionTestExecutionListener, org.springframework.test.context.support.DirtiesContextTestExecutionListener, org.springframework.test.context.transaction.TransactionalTestExecutionListener, org.springframework.test.context.jdbc.SqlScriptsTestExecutionListener, org.springframework.test.context.event.EventPublishingTestExecutionListener]
22:05:40.669 [Test worker] DEBUG org.springframework.boot.test.context.SpringBootTestContextBootstrapper - Skipping candidate TestExecutionListener [org.springframework.test.context.transaction.TransactionalTestExecutionListener] due to a missing dependency. Specify custom listener classes or make the default listener classes and their required dependencies available. Offending class: [org/springframework/transaction/interceptor/TransactionAttributeSource]
22:05:40.670 [Test worker] DEBUG org.springframework.boot.test.context.SpringBootTestContextBootstrapper - Skipping candidate TestExecutionListener [org.springframework.test.context.jdbc.SqlScriptsTestExecutionListener] due to a missing dependency. Specify custom listener classes or make the default listener classes and their required dependencies available. Offending class: [org/springframework/transaction/interceptor/TransactionAttribute]
22:05:40.670 [Test worker] INFO org.springframework.boot.test.context.SpringBootTestContextBootstrapper - Using TestExecutionListeners: [org.springframework.test.context.web.ServletTestExecutionListener@4d4d8fcf, org.springframework.test.context.support.DirtiesContextBeforeModesTestExecutionListener@610db97e, org.springframework.test.context.event.ApplicationEventsTestExecutionListener@6f0628de, org.springframework.boot.test.mock.mockito.MockitoTestExecutionListener@3fabf088, org.springframework.boot.test.autoconfigure.SpringBootDependencyInjectionTestExecutionListener@1e392345, org.springframework.test.context.support.DirtiesContextTestExecutionListener@12f3afb5, org.springframework.test.context.event.EventPublishingTestExecutionListener@4ced35ed, org.springframework.boot.test.autoconfigure.restdocs.RestDocsTestExecutionListener@2c22a348, org.springframework.boot.test.autoconfigure.web.client.MockRestServiceServerResetTestExecutionListener@7bd69e82, org.springframework.boot.test.autoconfigure.web.servlet.MockMvcPrintOnlyOnFailureTestExecutionListener@74d7184a, org.springframework.boot.test.autoconfigure.web.servlet.WebDriverTestExecutionListener@51b01960, org.springframework.boot.test.autoconfigure.webservices.client.MockWebServiceServerTestExecutionListener@6831d8fd, org.springframework.boot.test.mock.mockito.ResetMocksTestExecutionListener@27dc79f7]
22:05:40.671 [Test worker] DEBUG org.springframework.test.context.support.AbstractDirtiesContextTestExecutionListener - Before test class: context [DefaultTestContext@4acf72b6 testClass = SecondServiceApplicationTests, testInstance = [null], testMethod = [null], testException = [null], mergedContextConfiguration = [WebMergedContextConfiguration@7561db12 testClass = SecondServiceApplicationTests, locations = '{}', classes = '{class com.eden.secondservice.SecondServiceApplication}', contextInitializerClasses = '[]', activeProfiles = '{}', propertySourceLocations = '{}', propertySourceProperties = '{org.springframework.boot.test.context.SpringBootTestContextBootstrapper=true}', contextCustomizers = set[org.springframework.boot.test.autoconfigure.actuate.metrics.MetricsExportContextCustomizerFactory$DisableMetricExportContextCustomizer@312ab28e, org.springframework.boot.test.autoconfigure.properties.PropertyMappingContextCustomizer@0, org.springframework.boot.test.autoconfigure.web.servlet.WebDriverContextCustomizerFactory$Customizer@4b3a45f1, org.springframework.boot.test.context.filter.ExcludeFilterContextCustomizer@6da00fb9, org.springframework.boot.test.json.DuplicateJsonObjectContextCustomizerFactory$DuplicateJsonObjectContextCustomizer@75b25825, org.springframework.boot.test.mock.mockito.MockitoContextCustomizer@0, org.springframework.boot.test.web.client.TestRestTemplateContextCustomizer@1a7288a3, org.springframework.boot.test.context.SpringBootTestArgs@1, org.springframework.boot.test.context.SpringBootTestWebEnvironment@18f8cd79], resourceBasePath = 'src/main/webapp', contextLoader = 'org.springframework.boot.test.context.SpringBootContextLoader', parent = [null]], attributes = map['org.springframework.test.context.web.ServletTestExecutionListener.activateListener' -> true]], class annotated with @DirtiesContext [false] with mode [null].

  .   ____          _            __ _ _
 /\\ / ___'_ __ _ _(_)_ __  __ _ \ \ \ \
( ( )\___ | '_ | '_| | '_ \/ _` | \ \ \ \
 \\/  ___)| |_)| | | | | || (_| |  ) ) ) )
  '  |____| .__|_| |_|_| |_\__, | / / / /
 =========|_|==============|___/=/_/_/_/
 :: Spring Boot ::                (v2.6.6)

2022-04-16 22:05:40.857  INFO 41570 --- [    Test worker] c.e.s.SecondServiceApplicationTests      : Starting SecondServiceApplicationTests using Java 11.0.11 on cyoung90-Mac with PID 41570 (started by chayoung in /Users/cyoung90/development/springboot/second-service)
2022-04-16 22:05:40.857  INFO 41570 --- [    Test worker] c.e.s.SecondServiceApplicationTests      : No active profile set, falling back to 1 default profile: "default"
2022-04-16 22:05:41.184  INFO 41570 --- [    Test worker] o.s.cloud.context.scope.GenericScope     : BeanFactory id=cde7b93b-b91e-3802-8c8b-d424a30836d8
2022-04-16 22:05:41.618  INFO 41570 --- [    Test worker] DiscoveryClientOptionalArgsConfiguration : Eureka HTTP Client uses RestTemplate.
2022-04-16 22:05:41.690  WARN 41570 --- [    Test worker] iguration$LoadBalancerCaffeineWarnLogger : Spring Cloud LoadBalancer is currently working with the default cache. While this cache implementation is useful for development and tests, it's recommended to use Caffeine cache in production.You can switch to using Caffeine cache, by adding it and org.springframework.cache.caffeine.CaffeineCacheManager to the classpath.
2022-04-16 22:05:41.700  INFO 41570 --- [    Test worker] o.s.c.n.eureka.InstanceInfoFactory       : Setting initial instance status as: STARTING
2022-04-16 22:05:41.740  INFO 41570 --- [    Test worker] com.netflix.discovery.DiscoveryClient    : Initializing Eureka in region us-east-1
2022-04-16 22:05:41.743  INFO 41570 --- [    Test worker] c.n.d.s.r.aws.ConfigClusterResolver      : Resolving eureka endpoints via configuration
2022-04-16 22:05:41.754  INFO 41570 --- [    Test worker] com.netflix.discovery.DiscoveryClient    : Disable delta property : false
2022-04-16 22:05:41.754  INFO 41570 --- [    Test worker] com.netflix.discovery.DiscoveryClient    : Single vip registry refresh property : null
2022-04-16 22:05:41.754  INFO 41570 --- [    Test worker] com.netflix.discovery.DiscoveryClient    : Force full registry fetch : false
2022-04-16 22:05:41.754  INFO 41570 --- [    Test worker] com.netflix.discovery.DiscoveryClient    : Application is null : false
2022-04-16 22:05:41.754  INFO 41570 --- [    Test worker] com.netflix.discovery.DiscoveryClient    : Registered Applications size is zero : true
2022-04-16 22:05:41.754  INFO 41570 --- [    Test worker] com.netflix.discovery.DiscoveryClient    : Application version is -1: true
2022-04-16 22:05:41.754  INFO 41570 --- [    Test worker] com.netflix.discovery.DiscoveryClient    : Getting all instance registry info from the eureka server
2022-04-16 22:05:41.951  INFO 41570 --- [    Test worker] com.netflix.discovery.DiscoveryClient    : The response status is 200
2022-04-16 22:05:41.953  INFO 41570 --- [    Test worker] com.netflix.discovery.DiscoveryClient    : Starting heartbeat executor: renew interval is: 30
2022-04-16 22:05:41.955  INFO 41570 --- [    Test worker] c.n.discovery.InstanceInfoReplicator     : InstanceInfoReplicator onDemand update allowed rate per min is 4
2022-04-16 22:05:41.957  INFO 41570 --- [    Test worker] com.netflix.discovery.DiscoveryClient    : Discovery Client initialized at timestamp 1650114341957 with initial instances count: 4
2022-04-16 22:05:41.959  INFO 41570 --- [    Test worker] o.s.c.n.e.s.EurekaServiceRegistry        : Registering application MY-SECOND-SERVICE with eureka with status UP
2022-04-16 22:05:41.960  INFO 41570 --- [    Test worker] com.netflix.discovery.DiscoveryClient    : Saw local status change event StatusChangeEvent [timestamp=1650114341960, current=UP, previous=STARTING]
2022-04-16 22:05:41.961  INFO 41570 --- [nfoReplicator-0] com.netflix.discovery.DiscoveryClient    : DiscoveryClient_MY-SECOND-SERVICE/192.168.35.101:my-second-service:8082: registering service...
2022-04-16 22:05:41.970  INFO 41570 --- [    Test worker] c.e.s.SecondServiceApplicationTests      : Started SecondServiceApplicationTests in 1.274 seconds (JVM running for 1.82)
2022-04-16 22:05:41.983  INFO 41570 --- [nfoReplicator-0] com.netflix.discovery.DiscoveryClient    : DiscoveryClient_MY-SECOND-SERVICE/192.168.35.101:my-second-service:8082 - registration status: 204
]]></system-out>
  <system-err><![CDATA[]]></system-err>
</testsuite>
